<Data>
<Job><Job_Id>127261.palma001.palma.wwu</Job_Id><Job_Name>rahamfcc-b97d-def2TZVPP</Job_Name><Job_Owner>janto_01@palma001.palma.wwu</Job_Owner><resources_used><cput>01:05:14</cput><mem>2431804kb</mem><vmem>3724604kb</vmem><walltime>00:38:47</walltime></resources_used><job_state>R</job_state><queue>default</queue><server>palma001.palma.wwu</server><Account_Name>q0grimme</Account_Name><Checkpoint>u</Checkpoint><ctime>1323337996</ctime><Error_Path>palma001.palma.wwu:/scratch/tmp/jens/RahaMFCC14_TM-B97D-def2TZVPP/rahamfcc-b97d-def2TZVPP.e127261</Error_Path><exec_host>palma077/3+palma077/2+palma077/1+palma077/0</exec_host><Hold_Types>n</Hold_Types><Join_Path>n</Join_Path><Keep_Files>n</Keep_Files><Mail_Points>ae</Mail_Points><Mail_Users>janto_01@uni-muenster.de</Mail_Users><mtime>1323337997</mtime><Output_Path>palma001.palma.wwu:/scratch/tmp/jens/RahaMFCC14_TM-B97D-def2TZVPP/rahamfcc-b97d-def2TZVPP.o127261</Output_Path><Priority>0</Priority><qtime>1323337996</qtime><Rerunable>True</Rerunable><Resource_List><nodect>1</nodect><nodes>1:ppn=4</nodes><walltime>47:00:00</walltime></Resource_List><session_id>25450</session_id><etime>1323337996</etime><submit_args>job16fix</submit_args><start_time>1323337997</start_time><start_count>1</start_count></Job>
<Job><Job_Id>127262.palma001.palma.wwu</Job_Id><Job_Name>mira_HUSEC001_draft.20111208-110009</Job_Name><Job_Owner>bleopold@palma001.palma.wwu</Job_Owner><resources_used><cput>00:31:46</cput><mem>10663276kb</mem><vmem>11088612kb</vmem><walltime>00:31:33</walltime></resources_used><job_state>R</job_state><queue>default</queue><server>palma001.palma.wwu</server><Account_Name>e0hy</Account_Name><Checkpoint>u</Checkpoint><ctime>1323338422</ctime><Error_Path>palma001.palma.wwu:/scratch/tmp/mellmann/hygiene/E.coli/HUSEC/mira_HUSEC001_draft.20111208-110009.e127262</Error_Path><exec_host>palma341/11+palma341/10+palma341/9+palma341/8+palma341/7+palma341/6+palma341/5+palma341/4+palma341/3+palma341/2+palma341/1+palma341/0</exec_host><Hold_Types>n</Hold_Types><Join_Path>oe</Join_Path><Keep_Files>n</Keep_Files><Mail_Points>ae</Mail_Points><Mail_Users>bleopold@uni-muenster.de</Mail_Users><mtime>1323338423</mtime><Output_Path>palma001:/scratch/tmp/mellmann/hygiene/E.coli/HUSEC/mira_HUSEC001_draft.20111208-110009.cluster_output.log</Output_Path><Priority>0</Priority><qtime>1323338422</qtime><Rerunable>True</Rerunable><Resource_List><nodect>1</nodect><nodes>1:himem:ppn=12</nodes><walltime>48:00:00</walltime></Resource_List><session_id>19655</session_id><Variable_List>PBS_O_HOME=/home/b/bleopold,PBS_O_LANG=en_US.UTF-8,PBS_O_LOGNAME=bleopold,PBS_O_PATH=/home/b/bleopold/bin:/usr/local/bin:/home/b/bleopold/mira_config:/home/b/bleopold/bin:/usr/local/bin:/home/b/bleopold/mira_config:/usr/kerberos/bin:/usr/local/bin:/bin:/usr/bin:/usr/local/torque/bin:/usr/local/maui/bin:/opt/intel/Compiler/11.1/059/bin/intel64:/Applic.PALMA/mpi/intel/4.0.0.028/bin64/:/Applic.PALMA/git/1.7.1/bin/:/Applic.PALMA/topsi/TOPSI:/Applic.PALMA/MUMmer/MUMmer3.22:/Applic.PALMA/mira/intel/3.4.0/bin,PBS_O_MAIL=/var/spool/mail/bleopold,PBS_O_SHELL=zsh,PBS_O_HOST=palma001.palma.wwu,PBS_SERVER=palma001,PBS_O_WORKDIR=/scratch/tmp/mellmann/hygiene/E.coli/HUSEC,PBS_O_QUEUE=default</Variable_List><etime>1323338422</etime><submit_args>mira_job_mira_HUSEC001_draft.qcmd</submit_args><start_time>1323338423</start_time><start_count>1</start_count></Job>
<Job><Job_Id>127263.palma001.palma.wwu</Job_Id><Job_Name>mira_HUSEC001.20111208-110254</Job_Name><Job_Owner>bleopold@palma001.palma.wwu</Job_Owner><resources_used><cput>00:29:05</cput><mem>10658132kb</mem><vmem>11104716kb</vmem><walltime>00:28:52</walltime></resources_used><job_state>R</job_state><queue>default</queue><server>palma001.palma.wwu</server><Account_Name>e0hy</Account_Name><Checkpoint>u</Checkpoint><ctime>1323338582</ctime><Error_Path>palma001.palma.wwu:/scratch/tmp/mellmann/hygiene/E.coli/HUSEC/mira_HUSEC001.20111208-110254.e127263</Error_Path><exec_host>palma356/11+palma356/10+palma356/9+palma356/8+palma356/7+palma356/6+palma356/5+palma356/4+palma356/3+palma356/2+palma356/1+palma356/0</exec_host><Hold_Types>n</Hold_Types><Join_Path>oe</Join_Path><Keep_Files>n</Keep_Files><Mail_Points>ae</Mail_Points><Mail_Users>sleopold@uni-muenster.de</Mail_Users><mtime>1323338584</mtime><Output_Path>palma001:/scratch/tmp/mellmann/hygiene/E.coli/HUSEC/mira_HUSEC001.20111208-110254.cluster_output.log</Output_Path><Priority>0</Priority><qtime>1323338582</qtime><Rerunable>True</Rerunable><Resource_List><nodect>1</nodect><nodes>1:himem:ppn=12</nodes><walltime>48:00:00</walltime></Resource_List><session_id>31569</session_id><Variable_List>PBS_O_HOME=/home/b/bleopold,PBS_O_LANG=en_US.UTF-8,PBS_O_LOGNAME=bleopold,PBS_O_PATH=/home/b/bleopold/bin:/usr/local/bin:/home/b/bleopold/mira_config:/home/b/bleopold/bin:/usr/local/bin:/home/b/bleopold/mira_config:/usr/kerberos/bin:/usr/local/bin:/bin:/usr/bin:/usr/local/torque/bin:/usr/local/maui/bin:/opt/intel/Compiler/11.1/059/bin/intel64:/Applic.PALMA/mpi/intel/4.0.0.028/bin64/:/Applic.PALMA/git/1.7.1/bin/:/Applic.PALMA/topsi/TOPSI:/Applic.PALMA/MUMmer/MUMmer3.22:/Applic.PALMA/mira/intel/3.4.0/bin,PBS_O_MAIL=/var/spool/mail/bleopold,PBS_O_SHELL=zsh,PBS_O_HOST=palma001.palma.wwu,PBS_SERVER=palma001,PBS_O_WORKDIR=/scratch/tmp/mellmann/hygiene/E.coli/HUSEC,PBS_O_QUEUE=default</Variable_List><etime>1323338582</etime><submit_args>mira_job_mira_HUSEC001.qcmd</submit_args><start_time>1323338583</start_time><start_count>1</start_count></Job>
<Job><Job_Id>127264.palma001.palma.wwu</Job_Id><Job_Name>mira_Sakai_Illumina.20111208-110328</Job_Name><Job_Owner>bleopold@palma001.palma.wwu</Job_Owner><job_state>Q</job_state><queue>default</queue><server>palma001.palma.wwu</server><Account_Name>e0hy</Account_Name><Checkpoint>u</Checkpoint><ctime>1323338617</ctime><Error_Path>palma001.palma.wwu:/scratch/tmp/mellmann/hygiene/E.coli/Sakai/Illumina/mira_Sakai_Illumina.20111208-110328.e127264</Error_Path><exec_host>palma312/11+palma312/10+palma312/9+palma312/8+palma312/7+palma312/6+palma312/5+palma312/4+palma312/3+palma312/2+palma312/1+palma312/0</exec_host><Hold_Types>n</Hold_Types><Join_Path>oe</Join_Path><Keep_Files>n</Keep_Files><Mail_Points>ae</Mail_Points><Mail_Users>bleopold@uni-muenster.de</Mail_Users><mtime>1323339305</mtime><Output_Path>palma001:/scratch/tmp/mellmann/hygiene/E.coli/Sakai/Illumina/mira_Sakai_Illumina.20111208-110328.cluster_output.log</Output_Path><Priority>0</Priority><qtime>1323338617</qtime><Rerunable>True</Rerunable><Resource_List><nodect>1</nodect><nodes>1:himem:ppn=12</nodes><walltime>48:00:00</walltime></Resource_List><Variable_List>PBS_O_HOME=/home/b/bleopold,PBS_O_LANG=en_US.UTF-8,PBS_O_LOGNAME=bleopold,PBS_O_PATH=/home/b/bleopold/bin:/usr/local/bin:/home/b/bleopold/mira_config:/home/b/bleopold/bin:/usr/local/bin:/home/b/bleopold/mira_config:/usr/kerberos/bin:/usr/local/bin:/bin:/usr/bin:/usr/local/torque/bin:/usr/local/maui/bin:/opt/intel/Compiler/11.1/059/bin/intel64:/Applic.PALMA/mpi/intel/4.0.0.028/bin64/:/Applic.PALMA/git/1.7.1/bin/:/Applic.PALMA/topsi/TOPSI:/Applic.PALMA/MUMmer/MUMmer3.22:/Applic.PALMA/mira/intel/3.4.0/bin,PBS_O_MAIL=/var/spool/mail/bleopold,PBS_O_SHELL=zsh,PBS_O_HOST=palma001.palma.wwu,PBS_SERVER=palma001,PBS_O_WORKDIR=/scratch/tmp/mellmann/hygiene/E.coli/Sakai/Illumina,PBS_O_QUEUE=default</Variable_List><etime>1323338617</etime><submit_args>mira_job_mira_Sakai_Illumina.qcmd</submit_args><start_time>1323339299</start_time><start_count>1</start_count></Job>
<Job><Job_Id>127265.palma001.palma.wwu</Job_Id><Job_Name>mira_Sakai_Illumina_draft.20111208-110345</Job_Name><Job_Owner>bleopold@palma001.palma.wwu</Job_Owner><job_state>Q</job_state><queue>default</queue><server>palma001.palma.wwu</server><Account_Name>e0hy</Account_Name><Checkpoint>u</Checkpoint><ctime>1323338634</ctime><Error_Path>palma001.palma.wwu:/scratch/tmp/mellmann/hygiene/E.coli/Sakai/Illumina/mira_Sakai_Illumina_draft.20111208-110345.e127265</Error_Path><Hold_Types>n</Hold_Types><Join_Path>oe</Join_Path><Keep_Files>n</Keep_Files><Mail_Points>ae</Mail_Points><Mail_Users>bleopold@uni-muenster.de</Mail_Users><mtime>1323339305</mtime><Output_Path>palma001:/scratch/tmp/mellmann/hygiene/E.coli/Sakai/Illumina/mira_Sakai_Illumina_draft.20111208-110345.cluster_output.log</Output_Path><Priority>0</Priority><qtime>1323338634</qtime><Rerunable>True</Rerunable><Resource_List><nodect>1</nodect><nodes>1:himem:ppn=12</nodes><walltime>48:00:00</walltime></Resource_List><Variable_List>PBS_O_HOME=/home/b/bleopold,PBS_O_LANG=en_US.UTF-8,PBS_O_LOGNAME=bleopold,PBS_O_PATH=/home/b/bleopold/bin:/usr/local/bin:/home/b/bleopold/mira_config:/home/b/bleopold/bin:/usr/local/bin:/home/b/bleopold/mira_config:/usr/kerberos/bin:/usr/local/bin:/bin:/usr/bin:/usr/local/torque/bin:/usr/local/maui/bin:/opt/intel/Compiler/11.1/059/bin/intel64:/Applic.PALMA/mpi/intel/4.0.0.028/bin64/:/Applic.PALMA/git/1.7.1/bin/:/Applic.PALMA/topsi/TOPSI:/Applic.PALMA/MUMmer/MUMmer3.22:/Applic.PALMA/mira/intel/3.4.0/bin,PBS_O_MAIL=/var/spool/mail/bleopold,PBS_O_SHELL=zsh,PBS_O_HOST=palma001.palma.wwu,PBS_SERVER=palma001,PBS_O_WORKDIR=/scratch/tmp/mellmann/hygiene/E.coli/Sakai/Illumina,PBS_O_QUEUE=default</Variable_List><etime>1323338634</etime><submit_args>mira_job_mira_Sakai_Illumina_draft.qcmd</submit_args></Job>
<Job><Job_Id>127266.palma001.palma.wwu</Job_Id><Job_Name>deh6_1</Job_Name><Job_Owner>frankejo@palma001.palma.wwu</Job_Owner><resources_used><cput>00:00:00</cput><mem>15012kb</mem><vmem>396888kb</vmem><walltime>00:03:56</walltime></resources_used><job_state>R</job_state><queue>default</queue><server>palma001.palma.wwu</server><Account_Name>p0fuchs</Account_Name><Checkpoint>u</Checkpoint><ctime>1323338675</ctime><Error_Path>palma001.palma.wwu:/scratch/tmp/frankejo/Zhang/6_ring_pathway/deh6_1.e127266</Error_Path><exec_host>palma312/11+palma312/10+palma312/9+palma312/8+palma312/7+palma312/6+palma312/5+palma312/4+palma312/3+palma312/2+palma312/1+palma312/0+palma280/11+palma280/10+palma280/9+palma280/8+palma280/7+palma280/6+palma280/5+palma280/4+palma280/3+palma280/2+palma280/1+palma280/0+palma282/11+palma282/10+palma282/9+palma282/8+palma282/7+palma282/6+palma282/5+palma282/4+palma282/3+palma282/2+palma282/1+palma282/0+palma283/11+palma283/10+palma283/9+palma283/8+palma283/7+palma283/6+palma283/5+palma283/4+palma283/3+palma283/2+palma283/1+palma283/0</exec_host><Hold_Types>n</Hold_Types><Join_Path>oe</Join_Path><Keep_Files>n</Keep_Files><Mail_Points>ae</Mail_Points><Mail_Users>frankejo@uni-muenster.de</Mail_Users><mtime>1323340171</mtime><Output_Path>palma001:/scratch/tmp/frankejo/Zhang/6_ring_pathway/output.dat</Output_Path><Priority>0</Priority><qtime>1323338675</qtime><Rerunable>True</Rerunable><Resource_List><nodect>4</nodect><nodes>4:westmere:ppn=12</nodes><walltime>04:00:00</walltime></Resource_List><session_id>26994</session_id><etime>1323338675</etime><submit_args>submit_job.pbs</submit_args><start_time>1323340095</start_time><start_count>1</start_count></Job>
<Job><Job_Id>127279.palma001.palma.wwu</Job_Id><Job_Name>neb_trunk_bspSI</Job_Name><Job_Owner>b_stae01@palma001.palma.wwu</Job_Owner><job_state>Q</job_state><queue>default</queue><server>palma001.palma.wwu</server><Account_Name>p0pollma</Account_Name><Checkpoint>u</Checkpoint><ctime>1323340301</ctime><Error_Path>palma001:/home/b/b_stae01/calc/neb/trunk/bspSI/neb.out_error.dat</Error_Path><Hold_Types>n</Hold_Types><Join_Path>oe</Join_Path><Keep_Files>n</Keep_Files><Mail_Points>ae</Mail_Points><Mail_Users>b_stae01@uni-muenster.de</Mail_Users><mtime>1323340301</mtime><Output_Path>palma001:/home/b/b_stae01/calc/neb/trunk/bspSI/neb.out_output.dat</Output_Path><Priority>0</Priority><qtime>1323340301</qtime><Rerunable>True</Rerunable><Resource_List><nodect>2</nodect><nodes>2:westmere:ppn=12</nodes><walltime>04:00:00</walltime></Resource_List><etime>1323340301</etime><submit_args>qsub.pbs</submit_args></Job>
</Data>



<Job>
    <Job_Id>127262.palma001.palma.wwu</Job_Id>
    <Job_Name>mira_HUSEC001_draft.20111208-110009</Job_Name>
    <Job_Owner>bleopold@palma001.palma.wwu</Job_Owner>
    <resources_used>
        <cput>00:31:46</cput>
        <mem>10663276kb</mem>
        <vmem>11088612kb</vmem>
        <walltime>00:31:33</walltime>
    </resources_used>
    <job_state>R</job_state>
    <queue>default</queue>
    <server>palma001.palma.wwu</server>
    <Account_Name>e0hy</Account_Name>
    <Checkpoint>u</Checkpoint>
    <ctime>1323338422</ctime>
    <Error_Path>palma001.palma.wwu:/scratch/tmp/mellmann/hygiene/E.coli/HUSEC/mira_HUSEC001_draft.20111208-110009.e127262</Error_Path>
    <exec_host>palma341/11+palma341/10+palma341/9+palma341/8+palma341/7+palma341/6+palma341/5+palma341/4+palma341/3+palma341/2+palma341/1+palma341/0</exec_host>
    <Hold_Types>n</Hold_Types>
    <Join_Path>oe</Join_Path>
    <Keep_Files>n</Keep_Files>
    <Mail_Points>ae</Mail_Points>
    <Mail_Users>bleopold@uni-muenster.de</Mail_Users>
    <mtime>1323338423</mtime>
    <Output_Path>palma001:/scratch/tmp/mellmann/hygiene/E.coli/HUSEC/mira_HUSEC001_draft.20111208-110009.cluster_output.log</Output_Path>
    <Priority>0</Priority>
    <qtime>1323338422</qtime>
    <Rerunable>True</Rerunable>
    <Resource_List>
        <nodect>1</nodect>
        <nodes>1:himem:ppn=12</nodes>
        <walltime>48:00:00</walltime>
    </Resource_List>
    <session_id>19655</session_id>
    <Variable_List>PBS_O_HOME=/home/b/bleopold,PBS_O_LANG=en_US.UTF-8,PBS_O_LOGNAME=bleopold,PBS_O_PATH=/home/b/bleopold/bin:/usr/local/bin:/home/b/bleopold/mira_config:/home/b/bleopold/bin:/usr/local/bin:/home/b/bleopold/mira_config:/usr/kerberos/bin:/usr/local/bin:/bin:/usr/bin:/usr/local/torque/bin:/usr/local/maui/bin:/opt/intel/Compiler/11.1/059/bin/intel64:/Applic.PALMA/mpi/intel/4.0.0.028/bin64/:/Applic.PALMA/git/1.7.1/bin/:/Applic.PALMA/topsi/TOPSI:/Applic.PALMA/MUMmer/MUMmer3.22:/Applic.PALMA/mira/intel/3.4.0/bin,PBS_O_MAIL=/var/spool/mail/bleopold,PBS_O_SHELL=zsh,PBS_O_HOST=palma001.palma.wwu,PBS_SERVER=palma001,PBS_O_WORKDIR=/scratch/tmp/mellmann/hygiene/E.coli/HUSEC,PBS_O_QUEUE=default</Variable_List>
    <etime>1323338422</etime>
    <submit_args>mira_job_mira_HUSEC001_draft.qcmd</submit_args>
    <start_time>1323338423</start_time>
    <start_count>1</start_count>
</Job>

