Job Id: 127261.palma001.palma.wwu
    Job_Name = rahamfcc-b97d-def2TZVPP
    Job_Owner = janto_01@palma001.palma.wwu
    resources_used.cput = 01:03:45
    resources_used.mem = 2431804kb
    resources_used.vmem = 3724604kb
    resources_used.walltime = 00:37:17
    job_state = R
    queue = default
    server = palma001.palma.wwu
    Account_Name = q0grimme
    Checkpoint = u
    ctime = Thu Dec  8 10:53:16 2011
    Error_Path = palma001.palma.wwu:/scratch/tmp/jens/RahaMFCC14_TM-B97D-def2T
	ZVPP/rahamfcc-b97d-def2TZVPP.e127261
    exec_host = palma077/3+palma077/2+palma077/1+palma077/0
    Hold_Types = n
    Join_Path = n
    Keep_Files = n
    Mail_Points = ae
    Mail_Users = janto_01@uni-muenster.de
    mtime = Thu Dec  8 10:53:17 2011
    Output_Path = palma001.palma.wwu:/scratch/tmp/jens/RahaMFCC14_TM-B97D-def2
	TZVPP/rahamfcc-b97d-def2TZVPP.o127261
    Priority = 0
    qtime = Thu Dec  8 10:53:16 2011
    Rerunable = True
    Resource_List.nodect = 1
    Resource_List.nodes = 1:ppn=4
    Resource_List.walltime = 47:00:00
    session_id = 25450
    etime = Thu Dec  8 10:53:16 2011
    submit_args = job16fix
    start_time = Thu Dec  8 10:53:17 2011
    start_count = 1

Job Id: 127262.palma001.palma.wwu
    Job_Name = mira_HUSEC001_draft.20111208-110009
    Job_Owner = bleopold@palma001.palma.wwu
    resources_used.cput = 00:30:22
    resources_used.mem = 10661228kb
    resources_used.vmem = 11088612kb
    resources_used.walltime = 00:30:03
    job_state = R
    queue = default
    server = palma001.palma.wwu
    Account_Name = e0hy
    Checkpoint = u
    ctime = Thu Dec  8 11:00:22 2011
    Error_Path = palma001.palma.wwu:/scratch/tmp/mellmann/hygiene/E.coli/HUSEC
	/mira_HUSEC001_draft.20111208-110009.e127262
    exec_host = palma341/11+palma341/10+palma341/9+palma341/8+palma341/7+palma
	341/6+palma341/5+palma341/4+palma341/3+palma341/2+palma341/1+palma341/
	0
    Hold_Types = n
    Join_Path = oe
    Keep_Files = n
    Mail_Points = ae
    Mail_Users = bleopold@uni-muenster.de
    mtime = Thu Dec  8 11:00:23 2011
    Output_Path = palma001:/scratch/tmp/mellmann/hygiene/E.coli/HUSEC/mira_HUS
	EC001_draft.20111208-110009.cluster_output.log
    Priority = 0
    qtime = Thu Dec  8 11:00:22 2011
    Rerunable = True
    Resource_List.nodect = 1
    Resource_List.nodes = 1:himem:ppn=12
    Resource_List.walltime = 48:00:00
    session_id = 19655
    Variable_List = PBS_O_HOME=/home/b/bleopold,PBS_O_LANG=en_US.UTF-8,
	PBS_O_LOGNAME=bleopold,
	PBS_O_PATH=/home/b/bleopold/bin:/usr/local/bin:/home/b/bleopold/mira_
	config:/home/b/bleopold/bin:/usr/local/bin:/home/b/bleopold/mira_confi
	g:/usr/kerberos/bin:/usr/local/bin:/bin:/usr/bin:/usr/local/torque/bin
	:/usr/local/maui/bin:/opt/intel/Compiler/11.1/059/bin/intel64:/Applic.
	PALMA/mpi/intel/4.0.0.028/bin64/:/Applic.PALMA/git/1.7.1/bin/:/Applic.
	PALMA/topsi/TOPSI:/Applic.PALMA/MUMmer/MUMmer3.22:/Applic.PALMA/mira/i
	ntel/3.4.0/bin,PBS_O_MAIL=/var/spool/mail/bleopold,PBS_O_SHELL=zsh,
	PBS_O_HOST=palma001.palma.wwu,PBS_SERVER=palma001,
	PBS_O_WORKDIR=/scratch/tmp/mellmann/hygiene/E.coli/HUSEC,
	PBS_O_QUEUE=default
    etime = Thu Dec  8 11:00:22 2011
    submit_args = mira_job_mira_HUSEC001_draft.qcmd
    start_time = Thu Dec  8 11:00:23 2011
    start_count = 1

Job Id: 127263.palma001.palma.wwu
    Job_Name = mira_HUSEC001.20111208-110254
    Job_Owner = bleopold@palma001.palma.wwu
    resources_used.cput = 00:27:37
    resources_used.mem = 10658132kb
    resources_used.vmem = 11104716kb
    resources_used.walltime = 00:27:22
    job_state = R
    queue = default
    server = palma001.palma.wwu
    Account_Name = e0hy
    Checkpoint = u
    ctime = Thu Dec  8 11:03:02 2011
    Error_Path = palma001.palma.wwu:/scratch/tmp/mellmann/hygiene/E.coli/HUSEC
	/mira_HUSEC001.20111208-110254.e127263
    exec_host = palma356/11+palma356/10+palma356/9+palma356/8+palma356/7+palma
	356/6+palma356/5+palma356/4+palma356/3+palma356/2+palma356/1+palma356/
	0
    Hold_Types = n
    Join_Path = oe
    Keep_Files = n
    Mail_Points = ae
    Mail_Users = sleopold@uni-muenster.de
    mtime = Thu Dec  8 11:03:04 2011
    Output_Path = palma001:/scratch/tmp/mellmann/hygiene/E.coli/HUSEC/mira_HUS
	EC001.20111208-110254.cluster_output.log
    Priority = 0
    qtime = Thu Dec  8 11:03:02 2011
    Rerunable = True
    Resource_List.nodect = 1
    Resource_List.nodes = 1:himem:ppn=12
    Resource_List.walltime = 48:00:00
    session_id = 31569
    Variable_List = PBS_O_HOME=/home/b/bleopold,PBS_O_LANG=en_US.UTF-8,
	PBS_O_LOGNAME=bleopold,
	PBS_O_PATH=/home/b/bleopold/bin:/usr/local/bin:/home/b/bleopold/mira_
	config:/home/b/bleopold/bin:/usr/local/bin:/home/b/bleopold/mira_confi
	g:/usr/kerberos/bin:/usr/local/bin:/bin:/usr/bin:/usr/local/torque/bin
	:/usr/local/maui/bin:/opt/intel/Compiler/11.1/059/bin/intel64:/Applic.
	PALMA/mpi/intel/4.0.0.028/bin64/:/Applic.PALMA/git/1.7.1/bin/:/Applic.
	PALMA/topsi/TOPSI:/Applic.PALMA/MUMmer/MUMmer3.22:/Applic.PALMA/mira/i
	ntel/3.4.0/bin,PBS_O_MAIL=/var/spool/mail/bleopold,PBS_O_SHELL=zsh,
	PBS_O_HOST=palma001.palma.wwu,PBS_SERVER=palma001,
	PBS_O_WORKDIR=/scratch/tmp/mellmann/hygiene/E.coli/HUSEC,
	PBS_O_QUEUE=default
    etime = Thu Dec  8 11:03:02 2011
    submit_args = mira_job_mira_HUSEC001.qcmd
    start_time = Thu Dec  8 11:03:03 2011
    start_count = 1

Job Id: 127264.palma001.palma.wwu
    Job_Name = mira_Sakai_Illumina.20111208-110328
    Job_Owner = bleopold@palma001.palma.wwu
    job_state = Q
    queue = default
    server = palma001.palma.wwu
    Account_Name = e0hy
    Checkpoint = u
    ctime = Thu Dec  8 11:03:37 2011
    Error_Path = palma001.palma.wwu:/scratch/tmp/mellmann/hygiene/E.coli/Sakai
	/Illumina/mira_Sakai_Illumina.20111208-110328.e127264
    exec_host = palma312/11+palma312/10+palma312/9+palma312/8+palma312/7+palma
	312/6+palma312/5+palma312/4+palma312/3+palma312/2+palma312/1+palma312/
	0
    Hold_Types = n
    Join_Path = oe
    Keep_Files = n
    Mail_Points = ae
    Mail_Users = bleopold@uni-muenster.de
    mtime = Thu Dec  8 11:15:05 2011
    Output_Path = palma001:/scratch/tmp/mellmann/hygiene/E.coli/Sakai/Illumina
	/mira_Sakai_Illumina.20111208-110328.cluster_output.log
    Priority = 0
    qtime = Thu Dec  8 11:03:37 2011
    Rerunable = True
    Resource_List.nodect = 1
    Resource_List.nodes = 1:himem:ppn=12
    Resource_List.walltime = 48:00:00
    Variable_List = PBS_O_HOME=/home/b/bleopold,PBS_O_LANG=en_US.UTF-8,
	PBS_O_LOGNAME=bleopold,
	PBS_O_PATH=/home/b/bleopold/bin:/usr/local/bin:/home/b/bleopold/mira_
	config:/home/b/bleopold/bin:/usr/local/bin:/home/b/bleopold/mira_confi
	g:/usr/kerberos/bin:/usr/local/bin:/bin:/usr/bin:/usr/local/torque/bin
	:/usr/local/maui/bin:/opt/intel/Compiler/11.1/059/bin/intel64:/Applic.
	PALMA/mpi/intel/4.0.0.028/bin64/:/Applic.PALMA/git/1.7.1/bin/:/Applic.
	PALMA/topsi/TOPSI:/Applic.PALMA/MUMmer/MUMmer3.22:/Applic.PALMA/mira/i
	ntel/3.4.0/bin,PBS_O_MAIL=/var/spool/mail/bleopold,PBS_O_SHELL=zsh,
	PBS_O_HOST=palma001.palma.wwu,PBS_SERVER=palma001,
	PBS_O_WORKDIR=/scratch/tmp/mellmann/hygiene/E.coli/Sakai/Illumina,
	PBS_O_QUEUE=default
    etime = Thu Dec  8 11:03:37 2011
    submit_args = mira_job_mira_Sakai_Illumina.qcmd
    start_time = Thu Dec  8 11:14:59 2011
    start_count = 1

Job Id: 127265.palma001.palma.wwu
    Job_Name = mira_Sakai_Illumina_draft.20111208-110345
    Job_Owner = bleopold@palma001.palma.wwu
    job_state = Q
    queue = default
    server = palma001.palma.wwu
    Account_Name = e0hy
    Checkpoint = u
    ctime = Thu Dec  8 11:03:54 2011
    Error_Path = palma001.palma.wwu:/scratch/tmp/mellmann/hygiene/E.coli/Sakai
	/Illumina/mira_Sakai_Illumina_draft.20111208-110345.e127265
    Hold_Types = n
    Join_Path = oe
    Keep_Files = n
    Mail_Points = ae
    Mail_Users = bleopold@uni-muenster.de
    mtime = Thu Dec  8 11:15:05 2011
    Output_Path = palma001:/scratch/tmp/mellmann/hygiene/E.coli/Sakai/Illumina
	/mira_Sakai_Illumina_draft.20111208-110345.cluster_output.log
    Priority = 0
    qtime = Thu Dec  8 11:03:54 2011
    Rerunable = True
    Resource_List.nodect = 1
    Resource_List.nodes = 1:himem:ppn=12
    Resource_List.walltime = 48:00:00
    Variable_List = PBS_O_HOME=/home/b/bleopold,PBS_O_LANG=en_US.UTF-8,
	PBS_O_LOGNAME=bleopold,
	PBS_O_PATH=/home/b/bleopold/bin:/usr/local/bin:/home/b/bleopold/mira_
	config:/home/b/bleopold/bin:/usr/local/bin:/home/b/bleopold/mira_confi
	g:/usr/kerberos/bin:/usr/local/bin:/bin:/usr/bin:/usr/local/torque/bin
	:/usr/local/maui/bin:/opt/intel/Compiler/11.1/059/bin/intel64:/Applic.
	PALMA/mpi/intel/4.0.0.028/bin64/:/Applic.PALMA/git/1.7.1/bin/:/Applic.
	PALMA/topsi/TOPSI:/Applic.PALMA/MUMmer/MUMmer3.22:/Applic.PALMA/mira/i
	ntel/3.4.0/bin,PBS_O_MAIL=/var/spool/mail/bleopold,PBS_O_SHELL=zsh,
	PBS_O_HOST=palma001.palma.wwu,PBS_SERVER=palma001,
	PBS_O_WORKDIR=/scratch/tmp/mellmann/hygiene/E.coli/Sakai/Illumina,
	PBS_O_QUEUE=default
    etime = Thu Dec  8 11:03:54 2011
    submit_args = mira_job_mira_Sakai_Illumina_draft.qcmd

Job Id: 127266.palma001.palma.wwu
    Job_Name = deh6_1
    Job_Owner = frankejo@palma001.palma.wwu
    resources_used.cput = 00:00:00
    resources_used.mem = 15012kb
    resources_used.vmem = 396888kb
    resources_used.walltime = 00:02:26
    job_state = R
    queue = default
    server = palma001.palma.wwu
    Account_Name = p0fuchs
    Checkpoint = u
    ctime = Thu Dec  8 11:04:35 2011
    Error_Path = palma001.palma.wwu:/scratch/tmp/frankejo/Zhang/6_ring_pathway
	/deh6_1.e127266
    exec_host = palma312/11+palma312/10+palma312/9+palma312/8+palma312/7+palma
	312/6+palma312/5+palma312/4+palma312/3+palma312/2+palma312/1+palma312/
	0+palma280/11+palma280/10+palma280/9+palma280/8+palma280/7+palma280/6+
	palma280/5+palma280/4+palma280/3+palma280/2+palma280/1+palma280/0+palm
	a282/11+palma282/10+palma282/9+palma282/8+palma282/7+palma282/6+palma2
	82/5+palma282/4+palma282/3+palma282/2+palma282/1+palma282/0+palma283/1
	1+palma283/10+palma283/9+palma283/8+palma283/7+palma283/6+palma283/5+p
	alma283/4+palma283/3+palma283/2+palma283/1+palma283/0
    Hold_Types = n
    Join_Path = oe
    Keep_Files = n
    Mail_Points = ae
    Mail_Users = frankejo@uni-muenster.de
    mtime = Thu Dec  8 11:29:31 2011
    Output_Path = palma001:/scratch/tmp/frankejo/Zhang/6_ring_pathway/output.d
	at
    Priority = 0
    qtime = Thu Dec  8 11:04:35 2011
    Rerunable = True
    Resource_List.nodect = 4
    Resource_List.nodes = 4:westmere:ppn=12
    Resource_List.walltime = 04:00:00
    session_id = 26994
    etime = Thu Dec  8 11:04:35 2011
    submit_args = submit_job.pbs
    start_time = Thu Dec  8 11:28:15 2011
    start_count = 1

Job Id: 127267.palma001.palma.wwu
    Job_Name = neb_trunk_bspSI
    Job_Owner = b_stae01@palma001.palma.wwu
    job_state = Q
    queue = default
    server = palma001.palma.wwu
    Account_Name = p0pollma
    Checkpoint = u
    ctime = Thu Dec  8 11:09:13 2011
    Error_Path = palma001:/home/b/b_stae01/calc/neb/trunk/bspSI/neb.out_error.
	dat
    Hold_Types = n
    Join_Path = oe
    Keep_Files = n
    Mail_Points = ae
    Mail_Users = b_stae01@uni-muenster.de
    mtime = Thu Dec  8 11:09:13 2011
    Output_Path = palma001:/home/b/b_stae01/calc/neb/trunk/bspSI/neb.out_outpu
	t.dat
    Priority = 0
    qtime = Thu Dec  8 11:09:13 2011
    Rerunable = True
    Resource_List.nodect = 3
    Resource_List.nodes = 3:westmere:ppn=12
    Resource_List.walltime = 04:00:00
    etime = Thu Dec  8 11:09:13 2011
    submit_args = qsub.pbs

